2026-07-14 13:47:30,219 INFO requesting 600519.SH from 20260710 through 20260714
2026-07-14 13:47:31,995 INFO archived px_b28aef4b v1 for 600519.SH 2026-07-10
2026-07-14 13:47:31,997 INFO archived px_21b01bd1 v1 for 600519.SH 2026-07-13
2026-07-14 13:47:31,997 INFO requesting 000001.SZ from 20260710 through 20260714
2026-07-14 13:47:33,386 INFO archived px_538f2249 v1 for 000001.SZ 2026-07-10
2026-07-14 13:47:33,388 INFO archived px_639bc304 v1 for 000001.SZ 2026-07-13
2026-07-14 13:47:33,390 INFO processed px_b28aef4b v1
2026-07-14 13:47:33,392 INFO processed px_21b01bd1 v1
2026-07-14 13:47:33,395 INFO processed px_538f2249 v1
2026-07-14 13:47:33,397 INFO processed px_639bc304 v1
2026-07-14 13:47:33,399 INFO advanced watermark through 2026-07-13
2026-07-14 13:48:44,392 INFO requesting 600519.SH from 20260713 through 20260714
2026-07-14 13:48:47,148 INFO unchanged px_21b01bd1 v1
2026-07-14 13:48:47,148 INFO requesting 000001.SZ from 20260713 through 20260714
2026-07-14 13:48:51,881 INFO unchanged px_639bc304 v1
2026-07-14 13:48:51,882 INFO no new records; watermark unchanged
2026-07-14 16:51:52,592 INFO IMA uploaded: 000001.SZ/2026-07-10/px_f8260f3a__v1.md
2026-07-14 16:51:58,275 INFO IMA uploaded: 000001.SZ/2026-07-13/px_b7cb3df8__v1.md
2026-07-14 16:52:01,548 INFO IMA uploaded: 600519.SH/2026-07-10/px_bfd168c0__v1.md
2026-07-14 16:52:08,374 INFO IMA uploaded: 600519.SH/2026-07-13/px_5a668e06__v1.md
